[debug] [2019-01-05T19:30:48.718Z] ----------------------------------------------------------------------
[debug] [2019-01-05T19:30:48.723Z] Command:       /Users/juanmanuelgarrido/.nvm/versions/node/v8.11.1/bin/node /Users/juanmanuelgarrido/.nvm/versions/node/v8.11.1/bin/firebase serve --only functions
[debug] [2019-01-05T19:30:48.723Z] CLI Version:   6.2.2
[debug] [2019-01-05T19:30:48.723Z] Platform:      darwin
[debug] [2019-01-05T19:30:48.723Z] Node Version:  v8.11.1
[debug] [2019-01-05T19:30:48.724Z] Time:          Sat Jan 05 2019 20:30:48 GMT+0100 (CET)
[debug] [2019-01-05T19:30:48.724Z] ----------------------------------------------------------------------
[debug] 
[debug] [2019-01-05T19:30:48.755Z] > command requires scopes: ["email","openid","https://www.googleapis.com/auth/cloudplatformprojects.readonly","https://www.googleapis.com/auth/firebase","https://www.googleapis.com/auth/cloud-platform"]
[debug] [2019-01-05T19:30:48.755Z] > authorizing via signed-in user
[debug] [2019-01-05T19:30:48.756Z] [iam] checking project moviesfinder-ecb7c for permissions ["firebase.projects.get"]
[debug] [2019-01-05T19:30:48.758Z] >>> HTTP REQUEST POST https://cloudresourcemanager.googleapis.com/v1/projects/moviesfinder-ecb7c:testIamPermissions  

[debug] [2019-01-05T19:30:50.139Z] <<< HTTP RESPONSE 200
[debug] [2019-01-05T19:30:50.140Z] >>> HTTP REQUEST GET https://cloudresourcemanager.googleapis.com/v1/projects/moviesfinder-ecb7c  
 
[debug] [2019-01-05T19:30:51.181Z] <<< HTTP RESPONSE 200
[info] 
[info] === Serving from '/Volumes/RINGO/PROJECTS/2018/SCHIBSTED/training-sui/schibsted-sui-tools-training/stuff/demos/schibsted-frontend-mv-project/packages/frontend-mv--web-app/src'...
[info] 
[info] i  functions: Preparing to emulate functions.
[debug] [2019-01-05T19:30:53.364Z] Fetching environment
[debug] [2019-01-05T19:30:53.368Z] >>> HTTP REQUEST GET https://mobilesdk-pa.googleapis.com/v1/projects/852704581938:getServerAppConfig  
 
[debug] [2019-01-05T19:30:53.828Z] <<< HTTP RESPONSE 200
[debug] [2019-01-05T19:30:53.828Z] Starting @google-cloud/functions-emulator
[debug] [2019-01-05T19:30:55.914Z] Parsing function triggers
[info] ✔  functions: api: http://localhost:5000/moviesfinder-ecb7c/us-central1/api
